<?xml version="1.0" encoding="UTF-8" ?>
<testsuite tests="4" failures="0" name="TP2.TableroTest" time="0.017" errors="0" skipped="0">
  <properties>
[...]
</properties>
  <testcase classname="TP2.TableroTest" name="testSeColocaUnidadEnSectorAliadoConExito" time="0.014"/>
  <testcase classname="TP2.TableroTest" name="testNoSePuedeColocarUnaPiezaAliadaEnUnCasilleroDelSectorEnemigo" time="0.001"/>
  <testcase classname="TP2.TableroTest" name="testNoSePuedeColocarUnidadEnCeldaOcupada" time="0.002"/>
  <testcase classname="TP2.TableroTest" name="testTableroEsCreadoCorrectamenteConAltoYAncho" time="0"/>
</testsuite>