<?xml version="1.0" encoding="UTF-8" ?>
<testsuite tests="6" failures="0" name="TP2.UnidadesTest" time="0.015" errors="0" skipped="0">
  <properties>
[...]
</properties>
  <testcase classname="TP2.UnidadesTest" name="testAtaqueConCatapultaDescuentaVidaCorrecta" time="0.013"/>
  <testcase classname="TP2.UnidadesTest" name="testAtaqueConSIDescuentaVidaCorrecta" time="0"/>
  <testcase classname="TP2.UnidadesTest" name="testCuranderoAgregaVidaCorrecta" time="0"/>
  <testcase classname="TP2.UnidadesTest" name="testAtaqueConJineteDescuentaVidaCorrecta" time="0"/>
  <testcase classname="TP2.UnidadesTest" name="testUnidadMovibleSePuedeMoverEnTodasLasDirecciones" time="0.001"/>
  <testcase classname="TP2.UnidadesTest" name="testUnidadNoPuedeMoverseACasilleroOcupado" time="0.001"/>
</testsuite>